<?xml version="1.0" encoding="UTF-8"?>
<testng-results ignored="0" total="4" passed="4" failed="0" skipped="0">
  <reporter-output>
  </reporter-output>
  <suite started-at="2023-07-07T11:27:05 IST" name="TestNG Suite" finished-at="2023-07-07T11:27:26 IST" duration-ms="21491">
    <groups>
    </groups>
    <test started-at="2023-07-07T11:27:05 IST" name="Login with valid data" finished-at="2023-07-07T11:27:07 IST" duration-ms="2734">
      <class name="orangeHRMTestCases.AdminLoginWithValidData">
        <test-method signature="loginWithValidData(java.lang.String,java.lang.String)[pri:0, instance:orangeHRMTestCases.AdminLoginWithValidData@563f38c4]" started-at="2023-07-07T11:27:05 IST" name="loginWithValidData" finished-at="2023-07-07T11:27:07 IST" duration-ms="2608" status="PASS">
          <params>
            <param index="0">
              <value>
                <![CDATA[Admin]]>
              </value>
            </param>
            <param index="1">
              <value>
                <![CDATA[Qedge123!@#]]>
              </value>
            </param>
          </params>
          <reporter-output>
          </reporter-output>
        </test-method> <!-- loginWithValidData -->
      </class> <!-- orangeHRMTestCases.AdminLoginWithValidData -->
    </test> <!-- Login with valid data -->
    <test started-at="2023-07-07T11:27:07 IST" name="Login with Invalid data" finished-at="2023-07-07T11:27:08 IST" duration-ms="545">
      <class name="orangeHRMTestCases.AdminLoginWithInvaliData">
        <test-method signature="loginWithInvalidata(java.lang.String,java.lang.String)[pri:0, instance:orangeHRMTestCases.AdminLoginWithInvaliData@1a75e76a]" started-at="2023-07-07T11:27:07 IST" name="loginWithInvalidata" finished-at="2023-07-07T11:27:08 IST" duration-ms="541" status="PASS">
          <params>
            <param index="0">
              <value>
                <![CDATA[abc]]>
              </value>
            </param>
            <param index="1">
              <value>
                <![CDATA[xyz]]>
              </value>
            </param>
          </params>
          <reporter-output>
          </reporter-output>
        </test-method> <!-- loginWithInvalidata -->
      </class> <!-- orangeHRMTestCases.AdminLoginWithInvaliData -->
    </test> <!-- Login with Invalid data -->
    <test started-at="2023-07-07T11:27:08 IST" name="New Employee Registration" finished-at="2023-07-07T11:27:12 IST" duration-ms="4521">
      <class name="orangeHRMTestCases.NewEmpReG">
        <test-method is-config="true" signature="login()[pri:0, instance:orangeHRMTestCases.NewEmpReG@710c2b53]" started-at="2023-07-07T11:27:08 IST" name="login" finished-at="2023-07-07T11:27:09 IST" duration-ms="930" status="PASS">
          <reporter-output>
          </reporter-output>
        </test-method> <!-- login -->
        <test-method signature="addEmployee(java.lang.String,java.lang.String)[pri:0, instance:orangeHRMTestCases.NewEmpReG@710c2b53]" started-at="2023-07-07T11:27:09 IST" name="addEmployee" finished-at="2023-07-07T11:27:12 IST" duration-ms="2998" status="PASS">
          <params>
            <param index="0">
              <value>
                <![CDATA[Deepu]]>
              </value>
            </param>
            <param index="1">
              <value>
                <![CDATA[demo]]>
              </value>
            </param>
          </params>
          <reporter-output>
          </reporter-output>
        </test-method> <!-- addEmployee -->
        <test-method is-config="true" signature="logout()[pri:0, instance:orangeHRMTestCases.NewEmpReG@710c2b53]" started-at="2023-07-07T11:27:12 IST" name="logout" finished-at="2023-07-07T11:27:12 IST" duration-ms="584" status="PASS">
          <reporter-output>
          </reporter-output>
        </test-method> <!-- logout -->
      </class> <!-- orangeHRMTestCases.NewEmpReG -->
    </test> <!-- New Employee Registration -->
    <test started-at="2023-07-07T11:27:12 IST" name="New User Registration" finished-at="2023-07-07T11:27:26 IST" duration-ms="13628">
      <class name="orangeHRMTestCases.AdminLoginWithInvaliData">
        <test-method is-config="true" signature="invokeBrowser()[pri:0, instance:orangeHRMTestCases.AdminLoginWithInvaliData@1a75e76a]" started-at="2023-07-07T11:26:58 IST" name="invokeBrowser" finished-at="2023-07-07T11:27:05 IST" duration-ms="6695" status="PASS">
          <reporter-output>
          </reporter-output>
        </test-method> <!-- invokeBrowser -->
        <test-method is-config="true" signature="closeBrowser()[pri:0, instance:orangeHRMTestCases.AdminLoginWithInvaliData@1a75e76a]" started-at="2023-07-07T11:27:26 IST" name="closeBrowser" finished-at="2023-07-07T11:27:26 IST" duration-ms="185" status="PASS">
          <reporter-output>
          </reporter-output>
        </test-method> <!-- closeBrowser -->
      </class> <!-- orangeHRMTestCases.AdminLoginWithInvaliData -->
      <class name="orangeHRMTestCases.NewUserReg">
        <test-method is-config="true" signature="login()[pri:0, instance:orangeHRMTestCases.NewUserReg@7ce69770]" started-at="2023-07-07T11:27:12 IST" name="login" finished-at="2023-07-07T11:27:13 IST" duration-ms="978" status="PASS">
          <reporter-output>
          </reporter-output>
        </test-method> <!-- login -->
        <test-method signature="userRegTest(java.lang.String,java.lang.String,java.lang.String,java.lang.String)[pri:0, instance:orangeHRMTestCases.NewUserReg@7ce69770]" started-at="2023-07-07T11:27:13 IST" name="userRegTest" finished-at="2023-07-07T11:27:26 IST" duration-ms="12084" status="PASS">
          <params>
            <param index="0">
              <value>
                <![CDATA[ESS]]>
              </value>
            </param>
            <param index="1">
              <value>
                <![CDATA[Deepu demo]]>
              </value>
            </param>
            <param index="2">
              <value>
                <![CDATA[Deepu1]]>
              </value>
            </param>
            <param index="3">
              <value>
                <![CDATA[Venkat@123]]>
              </value>
            </param>
          </params>
          <reporter-output>
          </reporter-output>
        </test-method> <!-- userRegTest -->
        <test-method is-config="true" signature="logout()[pri:0, instance:orangeHRMTestCases.NewUserReg@7ce69770]" started-at="2023-07-07T11:27:26 IST" name="logout" finished-at="2023-07-07T11:27:26 IST" duration-ms="560" status="PASS">
          <reporter-output>
          </reporter-output>
        </test-method> <!-- logout -->
      </class> <!-- orangeHRMTestCases.NewUserReg -->
    </test> <!-- New User Registration -->
  </suite> <!-- TestNG Suite -->
</testng-results>
